TN:
SF:app/layout.tsx
FN:16,RootLayout
FNF:1
FNH:0
FNDA:0,RootLayout
DA:1,0
DA:2,0
DA:3,0
DA:4,0
DA:5,0
DA:6,0
DA:7,0
DA:9,0
DA:11,0
DA:16,0
LF:10
LH:0
BRF:0
BRH:0
end_of_record
TN:
SF:app/page.tsx
FN:11,HomePage
FNF:1
FNH:0
FNDA:0,HomePage
DA:3,0
DA:4,0
DA:5,0
DA:6,0
DA:7,0
DA:8,0
DA:9,0
DA:11,0
DA:12,0
DA:13,0
DA:14,0
LF:11
LH:0
BRDA:38,0,0,0
BRDA:79,1,0,0
BRDA:120,2,0,0
BRDA:142,3,0,0
BRDA:146,4,0,0
BRDA:161,5,0,0
BRDA:161,5,1,0
BRF:7
BRH:0
end_of_record
TN:
SF:app/providers.tsx
FN:8,ConvexClientProvider
FN:16,(anonymous_5)
FN:27,(anonymous_6)
FN:34,(anonymous_7)
FN:41,(anonymous_8)
FNF:5
FNH:0
FNDA:0,ConvexClientProvider
FNDA:0,(anonymous_5)
FNDA:0,(anonymous_6)
FNDA:0,(anonymous_7)
FNDA:0,(anonymous_8)
DA:3,0
DA:4,0
DA:5,0
DA:6,0
DA:8,0
DA:13,0
DA:16,0
DA:17,0
DA:20,0
DA:21,0
DA:22,0
DA:23,0
DA:27,0
DA:28,0
DA:29,0
DA:34,0
DA:35,0
DA:36,0
DA:41,0
DA:42,0
DA:43,0
DA:47,0
LF:22
LH:0
BRDA:20,0,0,0
BRDA:28,1,0,0
BRDA:28,1,1,0
BRDA:42,2,0,0
BRDA:42,2,1,0
BRF:5
BRH:0
end_of_record
TN:
SF:app/admin/layout.tsx
FN:7,AdminLayout
FNF:1
FNH:0
FNDA:0,AdminLayout
DA:7,0
LF:1
LH:0
BRF:0
BRH:0
end_of_record
TN:
SF:app/admin/logs/page.tsx
FN:16,AdminLogsPage
FN:19,(anonymous_3)
FN:20,(anonymous_4)
FNF:3
FNH:0
FNDA:0,AdminLogsPage
FNDA:0,(anonymous_3)
FNDA:0,(anonymous_4)
DA:3,0
DA:4,0
DA:5,0
DA:7,0
DA:8,0
DA:9,0
DA:10,0
DA:11,0
DA:12,0
DA:14,0
DA:16,0
DA:17,0
DA:19,0
DA:20,0
LF:14
LH:0
BRF:0
BRH:0
end_of_record
TN:
SF:app/auth/github/callback/page.tsx
FN:7,GitHubCallbackContent
FN:15,(anonymous_2)
FN:20,(anonymous_3)
FN:116,GitHubCallbackPage
FNF:4
FNH:0
FNDA:0,GitHubCallbackContent
FNDA:0,(anonymous_2)
FNDA:0,(anonymous_3)
FNDA:0,GitHubCallbackPage
DA:3,0
DA:4,0
DA:5,0
DA:8,0
DA:9,0
DA:10,0
DA:11,0
DA:12,0
DA:13,0
DA:15,0
DA:17,0
DA:18,0
DA:20,0
DA:21,0
DA:22,0
DA:23,0
DA:26,0
DA:27,0
DA:28,0
DA:29,0
DA:32,0
DA:33,0
DA:34,0
DA:35,0
DA:39,0
DA:40,0
DA:41,0
DA:42,0
DA:43,0
DA:44,0
DA:47,0
DA:50,0
DA:51,0
DA:53,0
DA:55,0
DA:57,0
DA:58,0
DA:61,0
DA:64,0
DA:68,0
DA:71,0
DA:116,0
LF:42
LH:0
BRDA:17,0,0,0
BRDA:26,1,0,0
BRDA:32,2,0,0
BRDA:39,3,0,0
BRDA:39,4,0,0
BRDA:39,4,1,0
BRDA:41,5,0,0
BRDA:41,6,0,0
BRDA:41,6,1,0
BRDA:51,7,0,0
BRDA:51,7,1,0
BRDA:53,8,0,0
BRDA:53,8,1,0
BRDA:57,9,0,0
BRDA:57,9,1,0
BRDA:62,10,0,0
BRDA:62,10,1,0
BRDA:71,11,0,0
BRF:18
BRH:0
end_of_record
TN:
SF:app/auth/google/callback/page.tsx
FN:7,GoogleCallbackContent
FN:15,(anonymous_2)
FN:20,(anonymous_3)
FN:116,GoogleCallbackPage
FNF:4
FNH:0
FNDA:0,GoogleCallbackContent
FNDA:0,(anonymous_2)
FNDA:0,(anonymous_3)
FNDA:0,GoogleCallbackPage
DA:3,0
DA:4,0
DA:5,0
DA:8,0
DA:9,0
DA:10,0
DA:11,0
DA:12,0
DA:13,0
DA:15,0
DA:17,0
DA:18,0
DA:20,0
DA:21,0
DA:22,0
DA:23,0
DA:26,0
DA:27,0
DA:28,0
DA:29,0
DA:32,0
DA:33,0
DA:34,0
DA:35,0
DA:39,0
DA:40,0
DA:41,0
DA:42,0
DA:43,0
DA:44,0
DA:47,0
DA:50,0
DA:51,0
DA:53,0
DA:55,0
DA:57,0
DA:58,0
DA:61,0
DA:64,0
DA:68,0
DA:71,0
DA:116,0
LF:42
LH:0
BRDA:17,0,0,0
BRDA:26,1,0,0
BRDA:32,2,0,0
BRDA:39,3,0,0
BRDA:39,4,0,0
BRDA:39,4,1,0
BRDA:41,5,0,0
BRDA:41,6,0,0
BRDA:41,6,1,0
BRDA:51,7,0,0
BRDA:51,7,1,0
BRDA:53,8,0,0
BRDA:53,8,1,0
BRDA:57,9,0,0
BRDA:57,9,1,0
BRDA:62,10,0,0
BRDA:62,10,1,0
BRDA:71,11,0,0
BRF:18
BRH:0
end_of_record
TN:
SF:app/change-password/page.tsx
FN:8,ChangePasswordPage
FN:12,(anonymous_2)
FNF:2
FNH:0
FNDA:0,ChangePasswordPage
FNDA:0,(anonymous_2)
DA:3,0
DA:4,0
DA:5,0
DA:6,0
DA:8,0
DA:9,0
DA:10,0
DA:12,0
DA:13,0
DA:14,0
DA:18,0
DA:29,0
DA:30,0
LF:13
LH:0
BRDA:13,0,0,0
BRDA:13,1,0,0
BRDA:13,1,1,0
BRDA:18,2,0,0
BRDA:29,3,0,0
BRF:5
BRH:0
end_of_record
TN:
SF:app/chat/page.tsx
FN:12,ChatPage
FN:30,(anonymous_6)
FN:34,(anonymous_7)
FN:36,(anonymous_8)
FN:44,(anonymous_9)
FN:55,(anonymous_10)
FN:80,(anonymous_11)
FN:92,(anonymous_12)
FNF:8
FNH:0
FNDA:0,ChatPage
FNDA:0,(anonymous_6)
FNDA:0,(anonymous_7)
FNDA:0,(anonymous_8)
FNDA:0,(anonymous_9)
FNDA:0,(anonymous_10)
FNDA:0,(anonymous_11)
FNDA:0,(anonymous_12)
DA:3,0
DA:4,0
DA:5,0
DA:6,0
DA:8,0
DA:9,0
DA:12,0
DA:13,0
DA:14,0
DA:15,0
DA:16,0
DA:17,0
DA:20,0
DA:26,0
DA:27,0
DA:30,0
DA:31,0
DA:32,0
DA:35,0
DA:38,0
DA:39,0
DA:44,0
DA:45,0
DA:47,0
DA:55,0
DA:56,0
DA:57,0
DA:59,0
DA:61,0
DA:66,0
DA:80,0
DA:83,0
DA:84,0
DA:92,0
DA:93,0
DA:95,0
DA:100,0
DA:112,0
LF:38
LH:0
BRDA:22,0,0,0
BRDA:22,0,1,0
BRDA:22,1,0,0
BRDA:22,1,1,0
BRDA:31,2,0,0
BRDA:31,3,0,0
BRDA:31,3,1,0
BRDA:45,4,0,0
BRDA:45,5,0,0
BRDA:45,5,1,0
BRDA:45,5,2,0
BRDA:76,6,0,0
BRDA:76,6,1,0
BRDA:100,7,0,0
BRDA:112,8,0,0
BRDA:149,9,0,0
BRDA:149,9,1,0
BRDA:164,10,0,0
BRDA:164,10,1,0
BRF:19
BRH:0
end_of_record
TN:
SF:app/dev/page.tsx
FN:12,DevPage
FNF:1
FNH:0
FNDA:0,DevPage
DA:1,0
DA:8,0
DA:10,0
DA:12,0
LF:4
LH:0
BRF:0
BRH:0
end_of_record
TN:
SF:app/forgot-password/page.tsx
FN:9,ForgotPasswordPage
FN:13,(anonymous_3)
FNF:2
FNH:0
FNDA:0,ForgotPasswordPage
FNDA:0,(anonymous_3)
DA:3,0
DA:4,0
DA:5,0
DA:6,0
DA:7,0
DA:9,0
DA:10,0
DA:11,0
DA:13,0
DA:14,0
DA:15,0
DA:19,0
DA:31,0
DA:32,0
LF:14
LH:0
BRDA:14,0,0,0
BRDA:14,1,0,0
BRDA:14,1,1,0
BRDA:19,2,0,0
BRDA:31,3,0,0
BRF:5
BRH:0
end_of_record
TN:
SF:app/login/page.tsx
FN:9,LoginContent
FN:15,(anonymous_3)
FN:88,LoginPage
FNF:3
FNH:0
FNDA:0,LoginContent
FNDA:0,(anonymous_3)
FNDA:0,LoginPage
DA:3,0
DA:4,0
DA:5,0
DA:6,0
DA:7,0
DA:10,0
DA:11,0
DA:12,0
DA:13,0
DA:15,0
DA:16,0
DA:17,0
DA:21,0
DA:31,0
DA:32,0
DA:88,0
LF:16
LH:0
BRDA:16,0,0,0
BRDA:16,1,0,0
BRDA:16,1,1,0
BRDA:21,2,0,0
BRDA:31,3,0,0
BRDA:63,4,0,0
BRF:6
BRH:0
end_of_record
TN:
SF:app/protected/page.tsx
FN:9,ProtectedPage
FN:13,(anonymous_3)
FNF:2
FNH:0
FNDA:0,ProtectedPage
FNDA:0,(anonymous_3)
DA:3,0
DA:4,0
DA:5,0
DA:6,0
DA:7,0
DA:9,0
DA:10,0
DA:11,0
DA:13,0
DA:14,0
DA:15,0
DA:19,0
DA:29,0
DA:30,0
LF:14
LH:0
BRDA:14,0,0,0
BRDA:14,1,0,0
BRDA:14,1,1,0
BRDA:19,2,0,0
BRDA:29,3,0,0
BRDA:93,4,0,0
BRDA:93,4,1,0
BRF:7
BRH:0
end_of_record
TN:
SF:app/register/page.tsx
FN:9,RegisterPage
FN:13,(anonymous_3)
FNF:2
FNH:0
FNDA:0,RegisterPage
FNDA:0,(anonymous_3)
DA:3,0
DA:4,0
DA:5,0
DA:6,0
DA:7,0
DA:9,0
DA:10,0
DA:11,0
DA:13,0
DA:14,0
DA:15,0
DA:19,0
DA:29,0
DA:30,0
LF:14
LH:0
BRDA:14,0,0,0
BRDA:14,1,0,0
BRDA:14,1,1,0
BRDA:19,2,0,0
BRDA:29,3,0,0
BRF:5
BRH:0
end_of_record
TN:
SF:app/reset-password/page.tsx
FN:8,ResetPasswordContent
FN:69,ResetPasswordPage
FNF:2
FNH:0
FNDA:0,ResetPasswordContent
FNDA:0,ResetPasswordPage
DA:3,0
DA:4,0
DA:5,0
DA:6,0
DA:9,0
DA:10,0
DA:12,0
DA:69,0
LF:8
LH:0
BRDA:12,0,0,0
BRF:1
BRH:0
end_of_record
TN:
SF:app/showcase/page.tsx
FN:20,ShowcasePage
FNF:1
FNH:1
FNDA:25,ShowcasePage
DA:2,1
DA:3,1
DA:12,1
DA:14,1
DA:20,25
LF:5
LH:5
BRF:0
BRH:0
end_of_record
TN:
SF:app/test-llm/page.tsx
FN:6,TestLLMPage
FN:11,(anonymous_6)
FN:27,(anonymous_7)
FN:35,(anonymous_8)
FN:90,(anonymous_9)
FN:93,(anonymous_10)
FNF:6
FNH:0
FNDA:0,TestLLMPage
FNDA:0,(anonymous_6)
FNDA:0,(anonymous_7)
FNDA:0,(anonymous_8)
FNDA:0,(anonymous_9)
FNDA:0,(anonymous_10)
DA:3,0
DA:4,0
DA:6,0
DA:7,0
DA:8,0
DA:9,0
DA:11,0
DA:12,0
DA:14,0
DA:15,0
DA:17,0
DA:19,0
DA:27,0
DA:28,0
DA:29,0
DA:32,0
DA:35,0
DA:36,0
DA:38,0
DA:40,0
DA:42,0
DA:90,0
DA:93,0
LF:23
LH:0
BRDA:12,0,0,0
BRDA:74,1,0,0
BRDA:93,2,0,0
BRDA:93,2,1,0
BRDA:97,3,0,0
BRDA:97,3,1,0
BRDA:100,4,0,0
BRDA:100,4,1,0
BRF:8
BRH:0
end_of_record
TN:
SF:components/admin/cleanup-controls.tsx
FN:44,CleanupControls
FN:53,(anonymous_2)
FN:59,(anonymous_3)
FN:63,(anonymous_4)
FN:70,(anonymous_5)
FN:80,(anonymous_6)
FN:84,(anonymous_7)
FN:93,(anonymous_8)
FN:247,(anonymous_9)
FN:264,(anonymous_10)
FNF:10
FNH:8
FNDA:15,CleanupControls
FNDA:10,(anonymous_2)
FNDA:2,(anonymous_3)
FNDA:1,(anonymous_4)
FNDA:0,(anonymous_5)
FNDA:1,(anonymous_6)
FNDA:1,(anonymous_7)
FNDA:0,(anonymous_8)
FNDA:42,(anonymous_9)
FNDA:2,(anonymous_10)
DA:3,1
DA:4,1
DA:5,1
DA:6,1
DA:17,1
DA:44,10
DA:45,15
DA:46,15
DA:48,15
DA:49,15
DA:50,15
DA:53,15
DA:54,10
DA:55,0
DA:59,15
DA:60,2
DA:61,2
DA:62,2
DA:63,1
DA:70,0
DA:76,1
DA:80,15
DA:81,1
DA:82,1
DA:83,1
DA:84,1
DA:93,0
DA:99,1
DA:103,15
DA:121,14
DA:248,42
DA:265,2
LF:32
LH:29
BRDA:54,0,0,0
BRDA:54,1,0,10
BRDA:54,1,1,0
BRDA:103,2,0,1
BRDA:139,3,0,14
BRDA:139,3,1,0
BRDA:140,4,0,14
BRDA:140,4,1,0
BRDA:190,5,0,3
BRDA:190,5,1,11
BRDA:243,6,0,14
BRDA:260,7,0,14
BRDA:270,8,0,1
BRDA:270,8,1,1
BRDA:271,9,0,1
BRDA:271,9,1,1
BRDA:273,10,0,1
BRDA:273,10,1,1
BRDA:275,11,0,1
BRDA:275,11,1,0
BRF:20
BRH:15
end_of_record
TN:
SF:components/admin/cost-monitoring.tsx
FN:22,CostMonitoring
FN:27,(anonymous_5)
FN:50,(anonymous_6)
FN:132,(anonymous_7)
FNF:4
FNH:4
FNDA:8,CostMonitoring
FNDA:8,(anonymous_5)
FNDA:7,(anonymous_6)
FNDA:21,(anonymous_7)
DA:3,1
DA:4,1
DA:5,1
DA:13,1
DA:16,1
DA:22,8
DA:23,8
DA:27,8
DA:32,8
DA:50,7
DA:57,7
DA:58,1
DA:63,6
DA:64,1
DA:69,5
DA:72,7
DA:73,7
DA:133,21
DA:134,21
DA:135,21
LF:20
LH:20
BRDA:32,0,0,1
BRDA:57,1,0,1
BRDA:63,2,0,1
BRDA:91,3,0,1
BRDA:91,3,1,6
BRDA:91,4,0,1
BRDA:91,4,1,5
BRDA:153,5,0,7
BRDA:155,6,0,1
BRDA:155,6,1,1
BRDA:159,7,0,1
BRDA:159,7,1,1
BRDA:162,8,0,1
BRDA:162,8,1,1
BRDA:168,9,0,1
BRDA:168,9,1,1
BRF:16
BRH:16
end_of_record
TN:
SF:components/admin/database-health.tsx
FN:21,DatabaseHealth
FN:26,(anonymous_2)
FN:51,(anonymous_3)
FN:126,(anonymous_4)
FNF:4
FNH:4
FNDA:9,DatabaseHealth
FNDA:9,(anonymous_2)
FNDA:8,(anonymous_3)
FNDA:4,(anonymous_4)
DA:3,1
DA:4,1
DA:5,1
DA:12,1
DA:15,1
DA:21,9
DA:22,9
DA:26,9
DA:27,9
DA:29,0
DA:33,9
DA:51,8
DA:57,8
DA:58,7
DA:59,6
DA:62,8
DA:127,4
LF:17
LH:16
BRDA:27,0,0,0
BRDA:27,1,0,9
BRDA:27,1,1,0
BRDA:33,2,0,1
BRDA:57,3,0,1
BRDA:58,4,0,1
BRDA:98,5,0,8
BRDA:98,5,1,0
BRDA:105,6,0,8
BRDA:105,6,1,0
BRDA:124,7,0,8
BRDA:124,7,1,8
BRDA:144,8,0,0
BRDA:142,9,0,8
BRDA:142,9,1,8
BRF:15
BRH:10
end_of_record
TN:
SF:components/admin/log-search.tsx
FN:39,LogSearch
FN:46,(anonymous_2)
FN:63,(anonymous_3)
FN:66,(anonymous_4)
FN:69,(anonymous_5)
FN:70,(anonymous_6)
FN:73,(anonymous_7)
FN:81,(anonymous_8)
FN:130,(anonymous_9)
FN:131,(anonymous_10)
FN:145,(anonymous_11)
FN:146,(anonymous_12)
FN:161,(anonymous_13)
FN:162,(anonymous_14)
FN:183,(anonymous_15)
FN:184,(anonymous_16)
FN:206,(anonymous_17)
FN:207,(anonymous_18)
FN:233,(anonymous_19)
FN:253,(anonymous_20)
FN:258,(anonymous_21)
FN:296,(anonymous_22)
FNF:22
FNH:6
FNDA:31,LogSearch
FNDA:13,(anonymous_2)
FNDA:8,(anonymous_3)
FNDA:8,(anonymous_4)
FNDA:0,(anonymous_5)
FNDA:0,(anonymous_6)
FNDA:0,(anonymous_7)
FNDA:0,(anonymous_8)
FNDA:4,(anonymous_9)
FNDA:4,(anonymous_10)
FNDA:0,(anonymous_11)
FNDA:0,(anonymous_12)
FNDA:0,(anonymous_13)
FNDA:0,(anonymous_14)
FNDA:0,(anonymous_15)
FNDA:0,(anonymous_16)
FNDA:0,(anonymous_17)
FNDA:0,(anonymous_18)
FNDA:0,(anonymous_19)
FNDA:0,(anonymous_20)
FNDA:0,(anonymous_21)
FNDA:0,(anonymous_22)
DA:3,1
DA:4,1
DA:5,1
DA:12,1
DA:24,1
DA:25,1
DA:39,13
DA:40,31
DA:43,31
DA:46,31
DA:47,13
DA:48,0
DA:53,31
DA:58,31
DA:63,31
DA:64,8
DA:66,8
DA:69,31
DA:70,0
DA:73,31
DA:74,0
DA:76,0
DA:89,0
DA:100,0
DA:101,0
DA:102,0
DA:103,0
DA:104,0
DA:105,0
DA:106,0
DA:131,4
DA:146,0
DA:162,0
DA:184,0
DA:207,0
DA:233,0
DA:254,0
DA:258,0
DA:305,0
LF:39
LH:19
BRDA:47,0,0,0
BRDA:47,1,0,13
BRDA:47,1,1,0
BRDA:60,2,0,7
BRDA:60,2,1,24
BRDA:60,3,0,31
BRDA:60,3,1,24
BRDA:74,4,0,0
BRDA:74,5,0,0
BRDA:74,5,1,0
BRDA:129,6,0,31
BRDA:129,6,1,24
BRDA:134,7,0,4
BRDA:134,7,1,0
BRDA:144,8,0,31
BRDA:144,8,1,31
BRDA:149,9,0,0
BRDA:149,9,1,0
BRDA:160,10,0,31
BRDA:160,10,1,31
BRDA:164,11,0,0
BRDA:164,11,1,0
BRDA:182,12,0,31
BRDA:182,12,1,31
BRDA:186,13,0,0
BRDA:186,13,1,0
BRDA:205,14,0,31
BRDA:205,14,1,0
BRDA:229,15,0,8
BRDA:229,15,1,23
BRDA:237,16,0,31
BRDA:237,16,1,0
BRDA:247,17,0,31
BRDA:247,17,1,0
BRDA:262,18,0,0
BRDA:262,18,1,0
BRDA:275,19,0,31
BRDA:281,20,0,0
BRDA:289,21,0,0
BRDA:333,22,0,0
BRF:40
BRH:20
end_of_record
TN:
SF:components/admin/rate-limit-status.tsx
FN:23,RateLimitStatus
FN:28,(anonymous_2)
FN:38,(anonymous_3)
FN:65,(anonymous_4)
FN:138,(anonymous_5)
FNF:5
FNH:5
FNDA:8,RateLimitStatus
FNDA:1,(anonymous_2)
FNDA:6,(anonymous_3)
FNDA:28,(anonymous_4)
FNDA:21,(anonymous_5)
DA:3,1
DA:4,1
DA:5,1
DA:12,1
DA:16,1
DA:17,1
DA:23,6
DA:24,8
DA:25,8
DA:26,8
DA:28,8
DA:29,1
DA:30,1
DA:31,1
DA:33,1
DA:38,8
DA:39,6
DA:40,0
DA:44,8
DA:65,7
DA:72,28
DA:73,28
DA:74,1
DA:75,27
DA:76,27
DA:79,7
DA:139,21
DA:143,21
DA:147,21
LF:29
LH:28
BRDA:39,0,0,0
BRDA:39,1,0,6
BRDA:39,1,1,0
BRDA:44,2,0,1
BRDA:73,3,0,1
BRDA:75,4,0,0
BRDA:100,5,0,1
BRDA:100,5,1,6
BRDA:143,6,0,21
BRDA:143,6,1,0
BRDA:152,7,0,21
BRDA:164,8,0,21
BRF:12
BRH:8
end_of_record
TN:
SF:components/admin/system-health-overview.tsx
FN:24,SystemHealthOverview
FN:33,(anonymous_2)
FN:35,(anonymous_3)
FN:61,(anonymous_4)
FN:99,(anonymous_5)
FN:162,(anonymous_6)
FN:177,(anonymous_7)
FNF:7
FNH:1
FNDA:28,SystemHealthOverview
FNDA:0,(anonymous_2)
FNDA:0,(anonymous_3)
FNDA:0,(anonymous_4)
FNDA:0,(anonymous_5)
FNDA:0,(anonymous_6)
FNDA:0,(anonymous_7)
DA:3,1
DA:4,1
DA:5,1
DA:7,1
DA:18,1
DA:24,7
DA:25,28
DA:26,28
DA:27,28
DA:30,28
DA:33,0
DA:34,0
DA:35,0
DA:36,0
DA:42,0
DA:61,0
DA:62,0
DA:63,0
DA:66,0
DA:67,0
DA:68,0
DA:69,0
DA:70,0
DA:74,0
DA:75,0
DA:76,0
DA:77,0
DA:81,0
DA:82,0
DA:83,0
DA:84,0
DA:88,0
DA:89,0
DA:92,0
DA:95,0
DA:96,0
DA:99,0
DA:104,0
DA:106,0
DA:108,0
DA:110,0
DA:114,0
DA:115,0
DA:163,0
DA:178,0
LF:45
LH:10
BRDA:34,0,0,0
BRDA:34,1,0,0
BRDA:34,1,1,0
BRDA:42,2,0,0
BRDA:42,3,0,0
BRDA:42,3,1,0
BRDA:42,3,2,0
BRDA:67,4,0,0
BRDA:67,4,1,0
BRDA:69,5,0,0
BRDA:74,6,0,0
BRDA:74,6,1,0
BRDA:76,7,0,0
BRDA:81,8,0,0
BRDA:81,8,1,0
BRDA:83,9,0,0
BRDA:88,10,0,0
BRDA:96,11,0,0
BRDA:96,11,1,0
BRDA:97,12,0,0
BRDA:97,12,1,0
BRDA:104,13,0,0
BRDA:104,13,1,0
BRDA:104,13,2,0
BRDA:156,14,0,0
BRDA:171,15,0,0
BRDA:195,16,0,0
BRDA:209,17,0,0
BRDA:223,18,0,0
BRDA:231,19,0,0
BRF:30
BRH:0
end_of_record
TN:
SF:components/auth/auth-provider.tsx
FN:54,AuthProvider
FN:61,(anonymous_7)
FN:62,(anonymous_8)
FN:82,(anonymous_9)
FN:115,(anonymous_10)
FN:119,(anonymous_11)
FN:143,(anonymous_12)
FN:152,(anonymous_13)
FN:153,(anonymous_14)
FN:164,(anonymous_15)
FN:175,(anonymous_16)
FN:180,(anonymous_17)
FN:185,(anonymous_18)
FN:190,(anonymous_19)
FN:217,(anonymous_20)
FN:222,(anonymous_21)
FN:249,(anonymous_22)
FN:271,useAuth
FNF:18
FNH:18
FNDA:307,AuthProvider
FNDA:107,(anonymous_7)
FNDA:107,(anonymous_8)
FNDA:13,(anonymous_9)
FNDA:9,(anonymous_10)
FNDA:6,(anonymous_11)
FNDA:1,(anonymous_12)
FNDA:4,(anonymous_13)
FNDA:4,(anonymous_14)
FNDA:8,(anonymous_15)
FNDA:7,(anonymous_16)
FNDA:5,(anonymous_17)
FNDA:5,(anonymous_18)
FNDA:4,(anonymous_19)
FNDA:9,(anonymous_20)
FNDA:3,(anonymous_21)
FNDA:105,(anonymous_22)
FNDA:1534,useAuth
DA:3,11
DA:4,11
DA:52,11
DA:54,105
DA:55,307
DA:61,307
DA:62,107
DA:64,107
DA:65,107
DA:66,104
DA:68,104
DA:74,2
DA:82,307
DA:87,13
DA:89,11
DA:91,7
DA:103,7
DA:108,7
DA:111,4
DA:115,307
DA:116,9
DA:118,8
DA:119,6
DA:121,6
DA:122,3
DA:124,2
DA:137,2
DA:143,1
DA:145,3
DA:148,2
DA:152,307
DA:153,4
DA:155,4
DA:157,3
DA:164,307
DA:168,8
DA:172,7
DA:175,307
DA:176,7
DA:177,6
DA:180,307
DA:181,5
DA:182,5
DA:185,307
DA:186,5
DA:187,5
DA:190,307
DA:191,4
DA:193,4
DA:195,2
DA:206,2
DA:211,2
DA:213,2
DA:217,307
DA:218,9
DA:219,7
DA:222,307
DA:223,3
DA:225,3
DA:227,2
DA:238,2
DA:243,2
DA:245,1
DA:249,307
DA:250,105
DA:253,307
DA:271,1534
DA:272,1534
DA:273,1533
DA:274,5
DA:276,1528
LF:71
LH:71
BRDA:89,0,0,7
BRDA:89,0,1,4
BRDA:91,1,0,5
BRDA:91,1,1,2
BRDA:105,2,0,7
BRDA:105,2,1,4
BRDA:118,3,0,6
BRDA:118,3,1,2
BRDA:122,4,0,2
BRDA:122,4,1,1
BRDA:124,5,0,1
BRDA:124,5,1,1
BRDA:139,6,0,2
BRDA:139,6,1,1
BRDA:193,7,0,2
BRDA:193,7,1,2
BRDA:195,8,0,2
BRDA:195,8,1,0
BRDA:208,9,0,2
BRDA:208,9,1,0
BRDA:225,10,0,2
BRDA:225,10,1,1
BRDA:227,11,0,2
BRDA:227,11,1,0
BRDA:240,12,0,2
BRDA:240,12,1,0
BRDA:273,13,0,5
BRF:27
BRH:23
end_of_record
TN:
SF:components/auth/change-password-form.tsx
FN:6,ChangePasswordForm
FN:16,(anonymous_5)
FN:35,(anonymous_6)
FN:129,(anonymous_7)
FN:146,(anonymous_8)
FN:167,(anonymous_9)
FNF:6
FNH:6
FNDA:73,ChangePasswordForm
FNDA:7,(anonymous_5)
FNDA:10,(anonymous_6)
FNDA:9,(anonymous_7)
FNDA:9,(anonymous_8)
FNDA:9,(anonymous_9)
DA:3,1
DA:4,1
DA:6,13
DA:7,73
DA:8,73
DA:9,73
DA:10,73
DA:11,73
DA:12,73
DA:14,73
DA:16,73
DA:17,7
DA:18,1
DA:20,6
DA:21,0
DA:23,6
DA:24,0
DA:26,6
DA:27,0
DA:29,6
DA:30,0
DA:32,6
DA:35,73
DA:36,10
DA:37,10
DA:38,10
DA:39,10
DA:42,10
DA:43,1
DA:44,1
DA:45,1
DA:48,9
DA:49,1
DA:50,1
DA:51,1
DA:54,8
DA:55,1
DA:56,1
DA:57,1
DA:60,7
DA:61,7
DA:62,1
DA:63,1
DA:64,1
DA:67,6
DA:68,6
DA:69,5
DA:70,4
DA:71,4
DA:72,4
DA:73,4
DA:75,1
DA:78,1
DA:80,6
DA:129,9
DA:146,9
DA:167,9
LF:57
LH:53
BRDA:17,0,0,1
BRDA:20,1,0,0
BRDA:23,2,0,0
BRDA:26,3,0,0
BRDA:29,4,0,0
BRDA:42,5,0,1
BRDA:42,6,0,10
BRDA:42,6,1,9
BRDA:42,6,2,9
BRDA:48,7,0,1
BRDA:54,8,0,1
BRDA:61,9,0,1
BRDA:69,10,0,4
BRDA:69,10,1,1
BRDA:75,11,0,1
BRDA:75,11,1,0
BRDA:88,12,0,73
BRDA:94,13,0,73
BRDA:178,14,0,6
BRDA:178,14,1,67
BRF:20
BRH:15
end_of_record
TN:
SF:components/auth/github-oauth-button.tsx
FN:11,GitHubOAuthButton
FN:19,(anonymous_5)
FNF:2
FNH:2
FNDA:211,GitHubOAuthButton
FNDA:3,(anonymous_5)
DA:3,3
DA:4,3
DA:11,199
DA:15,211
DA:16,211
DA:17,211
DA:19,211
DA:20,3
DA:21,3
DA:23,3
DA:24,3
DA:26,3
DA:28,2
DA:29,2
DA:33,2
DA:35,1
DA:36,1
DA:39,0
DA:40,0
DA:45,211
DA:48,211
LF:21
LH:19
BRDA:12,0,0,209
BRDA:13,1,0,207
BRDA:26,2,0,2
BRDA:26,2,1,1
BRDA:26,3,0,3
BRDA:26,3,1,2
BRDA:28,4,0,2
BRDA:28,5,0,2
BRDA:28,5,1,2
BRDA:35,6,0,1
BRDA:35,6,1,0
BRDA:48,7,0,2
BRDA:48,7,1,209
BRDA:72,8,0,4
BRDA:72,8,1,207
BRDA:75,9,0,211
BRF:16
BRH:15
end_of_record
TN:
SF:components/auth/google-oauth-button.tsx
FN:11,GoogleOAuthButton
FN:19,(anonymous_5)
FNF:2
FNH:2
FNDA:232,GoogleOAuthButton
FNDA:7,(anonymous_5)
DA:3,3
DA:4,3
DA:11,203
DA:15,232
DA:16,232
DA:17,232
DA:19,232
DA:20,7
DA:21,7
DA:23,7
DA:24,7
DA:26,5
DA:28,3
DA:29,3
DA:33,2
DA:35,2
DA:36,2
DA:39,2
DA:40,2
DA:45,232
DA:48,232
LF:21
LH:21
BRDA:12,0,0,230
BRDA:13,1,0,230
BRDA:26,2,0,3
BRDA:26,2,1,2
BRDA:26,3,0,5
BRDA:26,3,1,4
BRDA:28,4,0,3
BRDA:28,5,0,3
BRDA:28,5,1,3
BRDA:35,6,0,2
BRDA:35,6,1,1
BRDA:48,7,0,2
BRDA:48,7,1,230
BRDA:82,8,0,7
BRDA:82,8,1,225
BRDA:85,9,0,232
BRF:16
BRH:16
end_of_record
TN:
SF:components/auth/login-form.tsx
FN:8,LoginForm
FN:17,(anonymous_5)
FN:61,(anonymous_6)
FN:79,(anonymous_7)
FN:92,(anonymous_8)
FNF:5
FNH:5
FNDA:192,LoginForm
FNDA:8,(anonymous_5)
FNDA:79,(anonymous_6)
FNDA:60,(anonymous_7)
FNDA:6,(anonymous_8)
DA:3,2
DA:4,2
DA:5,2
DA:6,2
DA:8,13
DA:9,192
DA:10,192
DA:11,192
DA:12,192
DA:13,192
DA:15,192
DA:17,192
DA:18,8
DA:19,8
DA:20,8
DA:23,8
DA:24,1
DA:25,1
DA:26,1
DA:29,7
DA:30,0
DA:31,0
DA:32,0
DA:35,7
DA:36,7
DA:38,5
DA:39,1
DA:42,1
DA:44,6
DA:61,79
DA:79,60
DA:92,6
LF:32
LH:29
BRDA:23,0,0,1
BRDA:23,1,0,8
BRDA:23,1,1,7
BRDA:29,2,0,0
BRDA:38,3,0,1
BRDA:39,4,0,1
BRDA:39,4,1,0
BRDA:104,5,0,192
BRDA:115,6,0,8
BRDA:115,6,1,184
BRF:10
BRH:8
end_of_record
TN:
SF:components/auth/logout-button.tsx
FN:6,LogoutButton
FN:10,(anonymous_5)
FNF:2
FNH:2
FNDA:19,LogoutButton
FNDA:2,(anonymous_5)
DA:3,1
DA:4,1
DA:6,5
DA:7,19
DA:8,19
DA:10,19
DA:11,2
DA:12,2
DA:13,2
DA:15,1
DA:17,2
DA:21,19
DA:22,12
LF:13
LH:13
BRDA:21,0,0,12
BRDA:31,1,0,2
BRDA:31,1,1,5
BRF:3
BRH:3
end_of_record
TN:
SF:components/auth/password-reset-confirm-form.tsx
FN:11,PasswordResetConfirmForm
FN:25,(anonymous_5)
FN:27,(anonymous_6)
FN:30,(anonymous_7)
FN:38,(anonymous_8)
FN:57,(anonymous_9)
FN:157,(anonymous_10)
FN:178,(anonymous_11)
FNF:8
FNH:6
FNDA:243,PasswordResetConfirmForm
FNDA:243,(anonymous_5)
FNDA:0,(anonymous_6)
FNDA:0,(anonymous_7)
FNDA:8,(anonymous_8)
FNDA:9,(anonymous_9)
FNDA:105,(anonymous_10)
FNDA:109,(anonymous_11)
DA:3,1
DA:4,1
DA:5,1
DA:11,7
DA:14,243
DA:15,243
DA:16,243
DA:17,243
DA:18,243
DA:19,243
DA:21,243
DA:22,243
DA:25,243
DA:26,243
DA:27,0
DA:28,0
DA:30,0
DA:31,243
DA:32,0
DA:38,243
DA:39,8
DA:40,1
DA:42,7
DA:43,1
DA:45,6
DA:46,1
DA:48,5
DA:49,1
DA:51,4
DA:52,1
DA:54,3
DA:57,243
DA:58,9
DA:59,9
DA:60,9
DA:61,9
DA:64,9
DA:65,0
DA:66,0
DA:67,0
DA:70,9
DA:71,1
DA:72,1
DA:73,1
DA:76,8
DA:77,8
DA:78,5
DA:79,5
DA:80,5
DA:83,3
DA:84,3
DA:85,3
DA:86,2
DA:87,2
DA:88,2
DA:89,2
DA:91,1
DA:94,0
DA:96,3
DA:157,105
DA:178,109
LF:61
LH:53
BRDA:26,0,0,0
BRDA:26,0,1,243
BRDA:26,1,0,243
BRDA:26,1,1,0
BRDA:31,2,0,0
BRDA:31,3,0,243
BRDA:31,3,1,0
BRDA:39,4,0,1
BRDA:42,5,0,1
BRDA:45,6,0,1
BRDA:48,7,0,1
BRDA:51,8,0,1
BRDA:64,9,0,0
BRDA:64,10,0,9
BRDA:64,10,1,9
BRDA:70,11,0,1
BRDA:77,12,0,5
BRDA:85,13,0,2
BRDA:85,13,1,1
BRDA:91,14,0,1
BRDA:91,14,1,0
BRDA:106,15,0,243
BRDA:112,16,0,243
BRDA:130,17,0,0
BRDA:189,18,0,3
BRDA:189,18,1,240
BRF:26
BRH:19
end_of_record
TN:
SF:components/auth/password-reset-form.tsx
FN:6,PasswordResetForm
FN:15,(anonymous_5)
FN:33,(anonymous_6)
FN:37,(anonymous_7)
FNF:4
FNH:4
FNDA:117,PasswordResetForm
FNDA:7,(anonymous_5)
FNDA:87,(anonymous_6)
FNDA:5,(anonymous_7)
DA:3,1
DA:4,1
DA:6,7
DA:7,117
DA:8,117
DA:9,117
DA:10,117
DA:11,117
DA:13,117
DA:15,117
DA:16,7
DA:19,117
DA:33,110
DA:34,87
DA:37,110
DA:38,5
DA:39,5
DA:40,5
DA:41,5
DA:44,5
DA:45,0
DA:46,0
DA:47,0
DA:50,5
DA:51,0
DA:52,0
DA:53,0
DA:56,5
DA:57,5
DA:58,4
DA:59,3
DA:60,3
DA:62,1
DA:65,1
DA:67,5
LF:35
LH:29
BRDA:19,0,0,7
BRDA:44,1,0,0
BRDA:50,2,0,0
BRDA:58,3,0,3
BRDA:58,3,1,1
BRDA:62,4,0,1
BRDA:62,4,1,0
BRDA:75,5,0,110
BRDA:81,6,0,110
BRDA:117,7,0,5
BRDA:117,7,1,105
BRF:11
BRH:8
end_of_record
TN:
SF:components/auth/register-form.tsx
FN:8,RegisterForm
FN:18,(anonymous_5)
FN:42,(anonymous_6)
FN:81,(anonymous_7)
FN:99,(anonymous_8)
FN:117,(anonymous_9)
FN:135,(anonymous_10)
FNF:7
FNH:7
FNDA:315,RegisterForm
FNDA:10,(anonymous_5)
FNDA:10,(anonymous_6)
FNDA:52,(anonymous_7)
FNDA:100,(anonymous_8)
FNDA:67,(anonymous_9)
FNDA:61,(anonymous_10)
DA:3,1
DA:4,1
DA:5,1
DA:6,1
DA:8,7
DA:9,315
DA:10,315
DA:11,315
DA:12,315
DA:13,315
DA:14,315
DA:16,315
DA:18,315
DA:19,10
DA:20,1
DA:23,9
DA:24,1
DA:27,8
DA:28,1
DA:31,7
DA:32,1
DA:35,6
DA:36,1
DA:39,5
DA:42,315
DA:43,10
DA:44,10
DA:45,10
DA:47,10
DA:48,10
DA:49,5
DA:50,5
DA:51,5
DA:54,5
DA:55,5
DA:57,1
DA:58,1
DA:62,4
DA:64,5
DA:81,52
DA:99,100
DA:117,67
DA:135,61
LF:43
LH:43
BRDA:19,0,0,1
BRDA:23,1,0,1
BRDA:23,2,0,9
BRDA:23,2,1,8
BRDA:27,3,0,1
BRDA:31,4,0,1
BRDA:35,5,0,1
BRDA:48,6,0,5
BRDA:57,7,0,1
BRDA:58,8,0,1
BRDA:58,8,1,0
BRDA:142,9,0,315
BRDA:153,10,0,5
BRDA:153,10,1,310
BRF:14
BRH:13
end_of_record
TN:
SF:components/chat/assistant-message.tsx
FN:13,AssistantMessage
FN:14,(anonymous_2)
FN:23,(anonymous_3)
FN:53,(anonymous_4)
FNF:4
FNH:4
FNDA:10,AssistantMessage
FNDA:1,(anonymous_2)
FNDA:1,(anonymous_3)
FNDA:2,(anonymous_4)
DA:4,3
DA:6,3
DA:7,3
DA:13,10
DA:14,10
DA:15,1
DA:19,0
DA:23,10
DA:24,1
DA:26,1
DA:28,0
DA:54,2
LF:12
LH:10
BRDA:15,0,0,0
BRDA:24,1,0,1
BRDA:24,1,1,0
BRDA:45,2,0,10
BRDA:45,2,1,1
BRDA:56,3,0,2
BRDA:76,4,0,10
BRDA:76,4,1,10
BRF:8
BRH:6
end_of_record
TN:
SF:components/chat/chat-interface.tsx
FN:18,ChatInterface
FN:27,(anonymous_5)
FN:34,(anonymous_6)
FN:39,(anonymous_7)
FN:47,(anonymous_8)
FN:72,(anonymous_9)
FNF:6
FNH:6
FNDA:13,ChatInterface
FNDA:2,(anonymous_5)
FNDA:1,(anonymous_6)
FNDA:2,(anonymous_7)
FNDA:8,(anonymous_8)
FNDA:3,(anonymous_9)
DA:3,1
DA:4,1
DA:8,1
DA:9,1
DA:18,8
DA:24,13
DA:25,13
DA:27,13
DA:28,2
DA:30,2
DA:31,2
DA:34,13
DA:35,1
DA:36,1
DA:39,13
DA:40,2
DA:41,1
DA:42,1
DA:47,13
DA:48,8
DA:72,3
LF:21
LH:21
BRDA:21,0,0,12
BRDA:28,1,0,0
BRDA:28,2,0,2
BRDA:28,2,1,2
BRDA:40,3,0,1
BRDA:40,4,0,2
BRDA:40,4,1,2
BRDA:60,5,0,13
BRDA:80,6,0,13
BRDA:80,6,1,3
BRDA:84,7,0,1
BRF:11
BRH:10
end_of_record
TN:
SF:components/chat/message-list.tsx
FN:14,MessageList
FN:18,(anonymous_2)
FN:22,(anonymous_3)
FN:49,(anonymous_4)
FNF:4
FNH:4
FNDA:18,MessageList
FNDA:13,(anonymous_2)
FNDA:13,(anonymous_3)
FNDA:6,(anonymous_4)
DA:3,2
DA:5,2
DA:6,2
DA:7,2
DA:14,18
DA:15,18
DA:18,18
DA:19,13
DA:22,18
DA:23,13
DA:50,6
LF:11
LH:11
BRDA:14,0,0,4
BRDA:28,1,0,18
BRDA:28,1,1,15
BRDA:52,2,0,3
BRDA:59,3,0,18
BRDA:59,3,1,2
BRF:6
BRH:6
end_of_record
TN:
SF:components/chat/typing-indicator.tsx
FN:6,TypingIndicator
FNF:1
FNH:1
FNDA:5,TypingIndicator
DA:3,3
DA:4,3
DA:6,5
LF:3
LH:3
BRF:0
BRH:0
end_of_record
TN:
SF:components/chat/user-message.tsx
FN:12,UserMessage
FN:13,(anonymous_2)
FN:24,(anonymous_3)
FNF:3
FNH:3
FNDA:8,UserMessage
FNDA:2,(anonymous_2)
FNDA:2,(anonymous_3)
DA:4,3
DA:5,3
DA:6,3
DA:12,8
DA:13,8
DA:14,2
DA:20,0
DA:24,8
DA:25,2
DA:27,1
DA:29,1
DA:31,0
LF:12
LH:10
BRDA:14,0,0,0
BRDA:25,1,0,1
BRDA:25,1,1,1
BRDA:25,1,2,0
BRDA:51,2,0,8
BRDA:51,2,1,8
BRF:6
BRH:4
end_of_record
TN:
SF:components/dev/mock-email-viewer.tsx
FN:6,MockEmailViewer
FN:11,(anonymous_5)
FN:18,(anonymous_6)
FN:21,(anonymous_7)
FN:26,(anonymous_8)
FN:32,(anonymous_9)
FN:38,(anonymous_10)
FN:46,(anonymous_11)
FN:64,(anonymous_12)
FN:92,(anonymous_13)
FN:95,(anonymous_14)
FN:136,(anonymous_15)
FNF:12
FNH:12
FNDA:38,MockEmailViewer
FNDA:11,(anonymous_5)
FNDA:11,(anonymous_6)
FNDA:15,(anonymous_7)
FNDA:1,(anonymous_8)
FNDA:1,(anonymous_9)
FNDA:21,(anonymous_10)
FNDA:9,(anonymous_11)
FNDA:1,(anonymous_12)
FNDA:21,(anonymous_13)
FNDA:2,(anonymous_14)
FNDA:1,(anonymous_15)
DA:3,1
DA:4,1
DA:6,11
DA:7,38
DA:8,38
DA:9,38
DA:11,38
DA:13,11
DA:16,11
DA:18,11
DA:21,38
DA:22,15
DA:23,15
DA:26,38
DA:27,1
DA:28,1
DA:29,1
DA:32,38
DA:33,1
DA:34,1
DA:35,1
DA:38,38
DA:39,21
DA:42,38
DA:46,9
DA:64,1
DA:93,21
DA:95,2
DA:136,1
LF:29
LH:29
BRDA:42,0,0,24
BRDA:87,1,0,3
BRDA:87,1,1,11
BRDA:97,2,0,2
BRDA:97,2,1,19
BRDA:106,3,0,21
BRDA:125,4,0,2
BRF:7
BRH:7
end_of_record
TN:
SF:components/logging/logging-provider.tsx
FN:13,LoggingProvider
FN:14,(anonymous_5)
FNF:2
FNH:2
FNDA:3,LoggingProvider
FNDA:3,(anonymous_5)
DA:4,1
DA:8,1
DA:9,1
DA:11,1
DA:13,3
DA:14,3
DA:16,3
DA:17,3
DA:19,3
DA:23,3
DA:24,0
DA:27,0
DA:28,0
DA:29,0
DA:33,0
LF:15
LH:10
BRDA:16,0,0,3
BRDA:17,1,0,0
BRDA:17,1,1,3
BRDA:23,2,0,0
BRDA:28,3,0,0
BRF:5
BRH:2
end_of_record
TN:
SF:components/logging/logging-status.tsx
FN:6,LoggingStatus
FN:14,(anonymous_2)
FN:18,(anonymous_3)
FN:26,(anonymous_4)
FN:50,(anonymous_5)
FNF:5
FNH:5
FNDA:20,LoggingStatus
FNDA:12,(anonymous_2)
FNDA:9,(anonymous_3)
FNDA:8,(anonymous_4)
FNDA:1,(anonymous_5)
DA:3,2
DA:4,2
DA:6,12
DA:7,20
DA:14,19
DA:16,12
DA:18,9
DA:21,8
DA:24,8
DA:26,8
DA:30,19
DA:31,12
DA:50,1
LF:13
LH:13
BRDA:16,0,0,4
BRDA:30,1,0,12
BRDA:30,2,0,19
BRDA:30,2,1,15
BRDA:39,3,0,5
BRDA:39,3,1,2
BRDA:39,4,0,7
BRDA:39,4,1,5
BRDA:43,5,0,5
BRDA:43,5,1,2
BRDA:43,6,0,7
BRDA:43,6,1,5
BRF:12
BRH:12
end_of_record
TN:
SF:components/theme/theme-provider.tsx
FN:7,ThemeProvider
FNF:1
FNH:1
FNDA:9,ThemeProvider
DA:3,2
DA:4,2
DA:7,9
LF:3
LH:3
BRF:0
BRH:0
end_of_record
TN:
SF:components/theme/theme-toggle.tsx
FN:9,ThemeToggle
FN:14,(anonymous_5)
FN:35,(anonymous_6)
FNF:3
FNH:3
FNDA:70,ThemeToggle
FNDA:35,(anonymous_5)
FNDA:3,(anonymous_6)
DA:3,3
DA:4,3
DA:5,3
DA:7,3
DA:9,30
DA:10,70
DA:11,70
DA:14,70
DA:15,35
DA:18,70
DA:35,3
LF:11
LH:11
BRDA:18,0,0,35
BRDA:35,1,0,3
BRDA:35,1,1,0
BRDA:36,2,0,9
BRDA:36,2,1,26
BRDA:40,3,0,9
BRF:6
BRH:5
end_of_record
TN:
SF:lib/auth.ts
FN:24,(anonymous_3)
FN:41,(anonymous_4)
FN:52,(anonymous_5)
FN:59,(anonymous_6)
FN:87,(anonymous_7)
FN:132,(anonymous_8)
FN:156,(anonymous_9)
FN:176,(anonymous_10)
FN:180,(anonymous_11)
FN:184,(anonymous_12)
FN:212,(anonymous_13)
FN:234,(anonymous_14)
FN:257,(anonymous_15)
FN:266,(anonymous_16)
FN:299,(anonymous_17)
FN:308,(anonymous_18)
FNF:16
FNH:0
FNDA:0,(anonymous_3)
FNDA:0,(anonymous_4)
FNDA:0,(anonymous_5)
FNDA:0,(anonymous_6)
FNDA:0,(anonymous_7)
FNDA:0,(anonymous_8)
FNDA:0,(anonymous_9)
FNDA:0,(anonymous_10)
FNDA:0,(anonymous_11)
FNDA:0,(anonymous_12)
FNDA:0,(anonymous_13)
FNDA:0,(anonymous_14)
FNDA:0,(anonymous_15)
FNDA:0,(anonymous_16)
FNDA:0,(anonymous_17)
FNDA:0,(anonymous_18)
DA:1,0
DA:2,0
DA:20,0
DA:22,0
DA:26,0
DA:27,0
DA:30,0
DA:31,0
DA:32,0
DA:33,0
DA:35,0
DA:42,0
DA:44,0
DA:45,0
DA:46,0
DA:47,0
DA:49,0
DA:53,0
DA:54,0
DA:56,0
DA:60,0
DA:61,0
DA:66,0
DA:69,0
DA:70,0
DA:72,0
DA:73,0
DA:75,0
DA:77,0
DA:78,0
DA:80,0
DA:83,0
DA:88,0
DA:89,0
DA:95,0
DA:98,0
DA:99,0
DA:102,0
DA:104,0
DA:105,0
DA:109,0
DA:116,0
DA:117,0
DA:118,0
DA:119,0
DA:121,0
DA:122,0
DA:123,0
DA:125,0
DA:128,0
DA:133,0
DA:134,0
DA:135,0
DA:140,0
DA:143,0
DA:144,0
DA:146,0
DA:150,0
DA:152,0
DA:157,0
DA:158,0
DA:161,0
DA:162,0
DA:165,0
DA:168,0
DA:169,0
DA:170,0
DA:172,0
DA:177,0
DA:181,0
DA:185,0
DA:186,0
DA:189,0
DA:190,0
DA:195,0
DA:197,0
DA:198,0
DA:199,0
DA:200,0
DA:201,0
DA:202,0
DA:203,0
DA:205,0
DA:208,0
DA:213,0
DA:214,0
DA:217,0
DA:219,0
DA:220,0
DA:221,0
DA:222,0
DA:223,0
DA:224,0
DA:225,0
DA:227,0
DA:230,0
DA:235,0
DA:236,0
DA:240,0
DA:242,0
DA:243,0
DA:244,0
DA:245,0
DA:246,0
DA:247,0
DA:248,0
DA:250,0
DA:253,0
DA:258,0
DA:259,0
DA:260,0
DA:262,0
DA:267,0
DA:268,0
DA:273,0
DA:276,0
DA:277,0
DA:280,0
DA:286,0
DA:287,0
DA:288,0
DA:289,0
DA:290,0
DA:292,0
DA:295,0
DA:300,0
DA:301,0
DA:302,0
DA:304,0
DA:309,0
DA:310,0
DA:315,0
DA:318,0
DA:319,0
DA:322,0
DA:328,0
DA:329,0
DA:330,0
DA:331,0
DA:332,0
DA:334,0
DA:337,0
DA:342,0
LF:143
LH:0
BRDA:26,0,0,0
BRDA:30,1,0,0
BRDA:32,2,0,0
BRDA:42,3,0,0
BRDA:46,4,0,0
BRDA:47,5,0,0
BRDA:47,5,1,0
BRDA:53,6,0,0
BRDA:70,7,0,0
BRDA:72,8,0,0
BRDA:72,8,1,0
BRDA:75,9,0,0
BRDA:75,9,1,0
BRDA:78,10,0,0
BRDA:78,10,1,0
BRDA:98,11,0,0
BRDA:102,12,0,0
BRDA:117,13,0,0
BRDA:118,14,0,0
BRDA:118,14,1,0
BRDA:121,15,0,0
BRDA:121,15,1,0
BRDA:123,16,0,0
BRDA:123,16,1,0
BRDA:134,17,0,0
BRDA:143,18,0,0
BRDA:157,19,0,0
BRDA:169,20,0,0
BRDA:185,21,0,0
BRDA:198,22,0,0
BRDA:199,23,0,0
BRDA:199,23,1,0
BRDA:201,24,0,0
BRDA:201,24,1,0
BRDA:203,25,0,0
BRDA:203,25,1,0
BRDA:220,26,0,0
BRDA:221,27,0,0
BRDA:221,27,1,0
BRDA:223,28,0,0
BRDA:223,28,1,0
BRDA:225,29,0,0
BRDA:225,29,1,0
BRDA:243,30,0,0
BRDA:244,31,0,0
BRDA:244,31,1,0
BRDA:246,32,0,0
BRDA:246,32,1,0
BRDA:248,33,0,0
BRDA:248,33,1,0
BRDA:276,34,0,0
BRDA:287,35,0,0
BRDA:288,36,0,0
BRDA:288,36,1,0
BRDA:290,37,0,0
BRDA:290,37,1,0
BRDA:318,38,0,0
BRDA:329,39,0,0
BRDA:330,40,0,0
BRDA:330,40,1,0
BRDA:332,41,0,0
BRDA:332,41,1,0
BRF:62
BRH:0
end_of_record
TN:
SF:lib/config.ts
FNF:0
FNH:0
DA:2,0
LF:1
LH:0
BRF:0
BRH:0
end_of_record
TN:
SF:lib/console-override.ts
FN:13,(anonymous_6)
FN:82,redactSensitiveData
FN:83,(anonymous_8)
FN:87,(anonymous_9)
FN:104,shouldSuppressMessage
FN:106,(anonymous_11)
FN:130,initializeConsoleOverride
FN:144,(anonymous_13)
FN:147,(anonymous_14)
FN:165,(anonymous_15)
FN:180,getAdaptiveLimit
FN:184,sendToConvex
FN:190,(anonymous_18)
FN:216,(anonymous_19)
FN:228,(anonymous_20)
FN:229,(anonymous_21)
FN:261,(anonymous_22)
FN:266,(anonymous_23)
FN:271,(anonymous_24)
FN:277,(anonymous_25)
FN:279,(anonymous_26)
FN:281,(anonymous_27)
FN:284,(anonymous_28)
FN:301,(anonymous_29)
FN:314,(anonymous_30)
FN:316,(anonymous_31)
FN:321,(anonymous_32)
FN:327,(anonymous_33)
FN:327,(anonymous_34)
FN:329,(anonymous_35)
FN:339,(anonymous_36)
FNF:31
FNH:10
FNDA:5,(anonymous_6)
FNDA:0,redactSensitiveData
FNDA:0,(anonymous_8)
FNDA:0,(anonymous_9)
FNDA:0,shouldSuppressMessage
FNDA:0,(anonymous_11)
FNDA:0,initializeConsoleOverride
FNDA:0,(anonymous_13)
FNDA:0,(anonymous_14)
FNDA:0,(anonymous_15)
FNDA:2,getAdaptiveLimit
FNDA:0,sendToConvex
FNDA:0,(anonymous_18)
FNDA:0,(anonymous_19)
FNDA:0,(anonymous_20)
FNDA:0,(anonymous_21)
FNDA:1,(anonymous_22)
FNDA:2,(anonymous_23)
FNDA:4,(anonymous_24)
FNDA:4,(anonymous_25)
FNDA:1,(anonymous_26)
FNDA:8,(anonymous_27)
FNDA:2,(anonymous_28)
FNDA:28,(anonymous_29)
FNDA:0,(anonymous_30)
FNDA:0,(anonymous_31)
FNDA:0,(anonymous_32)
FNDA:0,(anonymous_33)
FNDA:0,(anonymous_34)
FNDA:0,(anonymous_35)
FNDA:0,(anonymous_36)
DA:5,1
DA:13,1
DA:14,5
DA:17,1
DA:18,1
DA:19,1
DA:22,1
DA:23,1
DA:26,1
DA:27,1
DA:28,1
DA:31,1
DA:55,1
DA:83,0
DA:84,0
DA:87,0
DA:88,0
DA:92,0
DA:93,0
DA:94,0
DA:96,0
DA:100,0
DA:105,0
DA:106,0
DA:110,0
DA:111,0
DA:113,0
DA:116,0
DA:120,0
DA:130,0
DA:132,0
DA:135,0
DA:138,0
DA:141,0
DA:144,0
DA:145,0
DA:150,0
DA:157,0
DA:158,0
DA:162,0
DA:165,0
DA:167,0
DA:172,0
DA:173,0
DA:181,2
DA:186,0
DA:189,0
DA:190,0
DA:193,0
DA:194,0
DA:195,0
DA:196,0
DA:198,0
DA:199,0
DA:202,0
DA:205,0
DA:209,0
DA:210,0
DA:211,0
DA:214,0
DA:217,0
DA:226,0
DA:228,0
DA:229,0
DA:232,0
DA:233,0
DA:234,0
DA:235,0
DA:238,0
DA:241,0
DA:244,0
DA:245,0
DA:248,0
DA:249,0
DA:251,0
DA:255,0
DA:260,50
DA:262,1
DA:263,1
DA:267,2
DA:268,2
DA:272,4
DA:273,4
DA:274,4
DA:277,4
DA:279,1
DA:282,8
DA:284,2
DA:302,28
DA:304,0
DA:305,0
DA:306,0
DA:307,0
DA:309,0
DA:310,0
DA:314,0
DA:317,0
DA:318,0
DA:322,0
DA:323,0
DA:327,0
DA:330,0
DA:334,0
DA:340,0
DA:341,0
DA:345,0
LF:106
LH:27
BRDA:84,0,0,0
BRDA:84,0,1,0
BRDA:92,1,0,0
BRDA:106,2,0,0
BRDA:106,2,1,0
BRDA:111,3,0,0
BRDA:132,4,0,0
BRDA:135,5,0,0
BRDA:138,6,0,0
BRDA:157,7,0,0
BRDA:190,8,0,0
BRDA:190,8,1,0
BRDA:194,9,0,0
BRDA:194,9,1,0
BRDA:194,10,0,0
BRDA:194,10,1,0
BRDA:198,11,0,0
BRDA:209,12,0,0
BRDA:217,13,0,0
BRDA:217,13,1,0
BRDA:233,14,0,0
BRDA:244,15,0,0
BRDA:244,16,0,0
BRDA:244,16,1,0
BRDA:248,17,0,0
BRDA:282,18,0,8
BRDA:282,18,1,7
BRDA:287,19,0,2
BRDA:287,19,1,0
BRDA:302,20,0,28
BRDA:329,21,0,0
BRF:31
BRH:4
end_of_record
TN:
SF:lib/convex-api.ts
FNF:0
FNH:0
DA:3,0
LF:1
LH:0
BRF:0
BRH:0
end_of_record
TN:
SF:lib/convex.ts
FNF:0
FNH:0
DA:1,0
DA:2,0
DA:4,0
DA:5,0
DA:11,0
LF:5
LH:0
BRDA:4,0,0,0
BRF:1
BRH:0
end_of_record
TN:
SF:lib/utils.ts
FN:4,cn
FNF:1
FNH:0
FNDA:0,cn
DA:1,0
DA:2,0
DA:4,0
DA:5,0
LF:4
LH:0
BRF:0
BRH:0
end_of_record
TN:
SF:lib/email/email-service.ts
FN:20,(anonymous_4)
FN:22,(anonymous_5)
FN:29,(anonymous_6)
FN:65,(anonymous_7)
FN:99,(anonymous_8)
FN:115,(anonymous_9)
FN:117,(anonymous_10)
FN:121,(anonymous_11)
FN:122,(anonymous_12)
FN:125,(anonymous_13)
FN:126,(anonymous_14)
FN:129,(anonymous_15)
FN:135,(anonymous_16)
FN:143,getEmailService
FNF:14
FNH:11
FNDA:1,(anonymous_4)
FNDA:8,(anonymous_5)
FNDA:6,(anonymous_6)
FNDA:1,(anonymous_7)
FNDA:7,(anonymous_8)
FNDA:4,(anonymous_9)
FNDA:2,(anonymous_10)
FNDA:0,(anonymous_11)
FNDA:0,(anonymous_12)
FNDA:4,(anonymous_13)
FNDA:4,(anonymous_14)
FNDA:2,(anonymous_15)
FNDA:6,(anonymous_16)
FNDA:0,getEmailService
DA:16,7
DA:18,1
DA:23,8
DA:24,1
DA:26,8
DA:30,6
DA:32,6
DA:35,6
DA:37,6
DA:61,6
DA:62,6
DA:66,1
DA:68,1
DA:71,1
DA:73,1
DA:95,1
DA:96,1
DA:101,7
DA:102,7
DA:103,7
DA:104,7
DA:105,7
DA:106,7
DA:107,7
DA:108,7
DA:109,7
DA:110,7
DA:116,4
DA:117,2
DA:122,0
DA:126,4
DA:130,2
DA:131,2
DA:132,1
DA:136,6
DA:138,6
DA:143,0
DA:146,0
DA:149,1
LF:39
LH:36
BRDA:23,0,0,1
BRDA:32,1,0,6
BRDA:32,1,1,0
BRDA:39,2,0,6
BRDA:39,2,1,0
BRDA:68,3,0,1
BRDA:68,3,1,0
BRDA:75,4,0,1
BRDA:75,4,1,0
BRDA:131,5,0,1
BRF:10
BRH:6
end_of_record
TN:
SF:lib/email/email-templates.ts
FN:6,getPasswordResetTemplate
FN:59,getEmailVerificationTemplate
FNF:2
FNH:2
FNDA:24,getPasswordResetTemplate
FNDA:19,getEmailVerificationTemplate
DA:6,24
DA:7,24
DA:59,19
DA:60,19
LF:4
LH:4
BRF:0
BRH:0
end_of_record
