TN:
SF:knowledge.ts
FN:7,getDocumentByPathHandler
FN:13,(anonymous_1)
FN:28,getDocumentsHandler
FN:50,getDocumentChunksHandler
FN:58,(anonymous_4)
FN:79,getChunkByVectorizeIdHandler
FN:85,(anonymous_6)
FNF:7
FNH:4
FNDA:8,getDocumentByPathHandler
FNDA:0,(anonymous_1)
FNDA:8,getDocumentsHandler
FNDA:8,getDocumentChunksHandler
FNDA:0,(anonymous_4)
FNDA:9,getChunkByVectorizeIdHandler
FNDA:0,(anonymous_6)
DA:1,1
DA:2,1
DA:7,1
DA:11,8
DA:13,0
DA:20,1
DA:28,1
DA:32,8
DA:34,8
DA:40,1
DA:50,1
DA:54,8
DA:56,8
DA:59,0
DA:68,1
DA:79,1
DA:83,9
DA:85,0
DA:92,1
LF:19
LH:16
BRDA:32,0,0,8
BRDA:32,0,1,5
BRDA:54,1,0,8
BRDA:54,1,1,6
BRF:4
BRH:4
end_of_record
TN:
SF:knowledgeActions.ts
FN:21,addDocumentHandler
FN:125,(anonymous_11)
FN:135,(anonymous_12)
FN:275,queryVectorSimilarityHandler
FN:311,(anonymous_14)
FNF:5
FNH:0
FNDA:0,addDocumentHandler
FNDA:0,(anonymous_11)
FNDA:0,(anonymous_12)
FNDA:0,queryVectorSimilarityHandler
FNDA:0,(anonymous_14)
DA:3,1
DA:4,1
DA:5,1
DA:6,1
DA:7,1
DA:8,1
DA:15,1
DA:16,1
DA:21,1
DA:37,0
DA:39,0
DA:42,0
DA:43,0
DA:46,0
DA:47,0
DA:51,0
DA:61,0
DA:65,0
DA:67,0
DA:70,0
DA:78,0
DA:90,0
DA:95,0
DA:98,0
DA:100,0
DA:110,0
DA:111,0
DA:113,0
DA:114,0
DA:118,0
DA:120,0
DA:123,0
DA:125,0
DA:132,0
DA:135,0
DA:142,0
DA:143,0
DA:146,0
DA:147,0
DA:149,0
DA:150,0
DA:153,0
DA:160,0
DA:161,0
DA:164,0
DA:180,0
DA:181,0
DA:195,0
DA:199,0
DA:200,0
DA:201,0
DA:205,0
DA:206,0
DA:210,0
DA:213,0
DA:214,0
DA:220,0
DA:221,0
DA:228,0
DA:235,0
DA:239,0
DA:246,0
DA:247,0
DA:257,1
DA:275,1
DA:298,0
DA:300,0
DA:302,0
DA:305,0
DA:306,0
DA:311,0
DA:312,0
DA:318,0
DA:319,0
DA:320,0
DA:324,0
DA:325,0
DA:333,0
DA:334,0
DA:335,0
DA:337,0
DA:339,0
DA:343,0
DA:353,0
DA:360,0
DA:363,0
DA:367,0
DA:376,0
DA:377,0
DA:387,1
LF:90
LH:12
BRDA:42,0,0,0
BRDA:42,1,0,0
BRDA:42,1,1,0
BRDA:46,2,0,0
BRDA:46,3,0,0
BRDA:46,3,1,0
BRDA:65,4,0,0
BRDA:65,5,0,0
BRDA:65,5,1,0
BRDA:82,6,0,0
BRDA:82,6,1,0
BRDA:110,7,0,0
BRDA:110,7,1,0
BRDA:172,8,0,0
BRDA:172,8,1,0
BRDA:173,9,0,0
BRDA:173,9,1,0
BRDA:180,10,0,0
BRDA:180,11,0,0
BRDA:180,11,1,0
BRDA:188,12,0,0
BRDA:188,12,1,0
BRDA:199,13,0,0
BRDA:199,13,1,0
BRDA:199,14,0,0
BRDA:199,14,1,0
BRDA:213,15,0,0
BRDA:305,16,0,0
BRDA:319,17,0,0
BRDA:324,18,0,0
BRDA:324,18,1,0
BRDA:337,19,0,0
BRDA:343,20,0,0
BRDA:343,20,1,0
BRF:34
BRH:0
end_of_record
TN:
SF:knowledgeMutations.ts
FN:9,generateSimpleId
FN:21,(anonymous_1)
FN:25,(anonymous_2)
FN:52,(anonymous_3)
FN:55,(anonymous_4)
FN:111,(anonymous_5)
FN:140,(anonymous_6)
FN:168,(anonymous_7)
FN:171,(anonymous_8)
FN:181,(anonymous_9)
FN:185,(anonymous_10)
FNF:11
FNH:0
FNDA:0,generateSimpleId
FNDA:0,(anonymous_1)
FNDA:0,(anonymous_2)
FNDA:0,(anonymous_3)
FNDA:0,(anonymous_4)
FNDA:0,(anonymous_5)
FNDA:0,(anonymous_6)
FNDA:0,(anonymous_7)
FNDA:0,(anonymous_8)
FNDA:0,(anonymous_9)
FNDA:0,(anonymous_10)
DA:1,1
DA:2,1
DA:3,1
DA:10,0
DA:16,1
DA:23,0
DA:25,0
DA:29,0
DA:30,0
DA:31,0
DA:32,0
DA:34,0
DA:37,0
DA:38,0
DA:45,1
DA:53,0
DA:55,0
DA:58,0
DA:60,0
DA:61,0
DA:62,0
DA:69,0
DA:77,0
DA:80,0
DA:96,1
DA:112,0
DA:128,1
DA:146,0
DA:151,0
DA:152,0
DA:155,0
DA:156,0
DA:159,0
DA:166,1
DA:169,0
DA:171,0
DA:179,1
DA:183,0
DA:185,0
DA:188,0
DA:189,0
DA:192,0
DA:195,0
DA:201,0
DA:203,0
DA:205,0
LF:46
LH:9
BRDA:31,0,0,0
BRDA:31,1,0,0
BRDA:31,1,1,0
BRDA:58,2,0,0
BRDA:58,2,1,0
BRDA:60,3,0,0
BRDA:151,4,0,0
BRDA:155,5,0,0
BRDA:188,6,0,0
BRF:9
BRH:0
end_of_record
TN:
SF:lib/config.ts
FN:30,getEnvVar
FN:43,validateApiKey
FN:54,(anonymous_2)
FN:62,loadConfig
FN:159,getModelInfo
FN:160,(anonymous_5)
FN:166,selectModel
FN:171,(anonymous_7)
FN:176,(anonymous_8)
FN:181,(anonymous_9)
FN:188,validateConfig
FN:225,getConfig
FN:236,resetConfig
FNF:13
FNH:13
FNDA:107,getEnvVar
FNDA:26,validateApiKey
FNDA:69,(anonymous_2)
FNDA:30,loadConfig
FNDA:29,getModelInfo
FNDA:56,(anonymous_5)
FNDA:7,selectModel
FNDA:28,(anonymous_7)
FNDA:2,(anonymous_8)
FNDA:1,(anonymous_9)
FNDA:11,validateConfig
FNDA:8,getConfig
FNDA:104,resetConfig
DA:31,107
DA:33,107
DA:34,3
DA:37,104
DA:44,26
DA:45,0
DA:48,26
DA:49,2
DA:53,24
DA:54,69
DA:55,24
DA:62,2
DA:63,30
DA:66,29
DA:67,26
DA:68,26
DA:69,26
DA:72,26
DA:73,0
DA:74,0
DA:78,0
DA:84,0
DA:97,0
DA:106,0
DA:121,2
DA:159,2
DA:160,56
DA:166,2
DA:170,7
DA:171,28
DA:174,7
DA:176,3
DA:177,3
DA:181,5
DA:182,5
DA:188,2
DA:190,11
DA:191,1
DA:195,10
DA:196,10
DA:198,1
DA:201,10
DA:202,10
DA:204,1
DA:208,10
DA:210,3
DA:213,10
DA:215,3
DA:220,2
DA:225,2
DA:226,8
DA:227,8
DA:228,0
DA:230,0
DA:236,2
DA:237,104
LF:56
LH:47
BRDA:30,0,0,0
BRDA:31,1,0,107
BRDA:31,1,1,5
BRDA:33,2,0,3
BRDA:33,3,0,107
BRDA:33,3,1,29
BRDA:33,3,2,27
BRDA:37,4,0,104
BRDA:37,4,1,1
BRDA:44,5,0,0
BRDA:44,6,0,26
BRDA:44,6,1,26
BRDA:48,7,0,2
BRDA:54,8,0,24
BRDA:63,9,0,30
BRDA:63,9,1,1
BRDA:73,10,0,0
BRDA:103,11,0,0
BRDA:103,11,1,0
BRDA:160,12,0,29
BRDA:160,12,1,6
BRDA:167,13,0,1
BRDA:168,14,0,1
BRDA:174,15,0,3
BRDA:177,16,0,2
BRDA:182,17,0,5
BRDA:182,17,1,4
BRDA:190,18,0,1
BRDA:196,19,0,1
BRDA:202,20,0,1
BRDA:208,21,0,3
BRDA:208,22,0,10
BRDA:208,22,1,7
BRDA:213,23,0,3
BRDA:226,24,0,8
BRF:35
BRH:30
end_of_record
TN:
SF:lib/textProcessing.ts
FN:38,chunkText
FN:96,generateEmbeddingForText
FN:104,generateEmbedding
FN:139,generateEmbeddingsForChunks
FN:162,(anonymous_5)
FN:174,(anonymous_6)
FN:191,validateEmbedding
FN:201,(anonymous_8)
FN:207,calculateTextStats
FNF:9
FNH:9
FNDA:18,chunkText
FNDA:1,generateEmbeddingForText
FNDA:183,generateEmbedding
FNDA:11,generateEmbeddingsForChunks
FNDA:157,(anonymous_5)
FNDA:3,(anonymous_6)
FNDA:16,validateEmbedding
FNDA:3599,(anonymous_8)
FNDA:15,calculateTextStats
DA:3,2
DA:17,2
DA:38,2
DA:39,18
DA:40,2
DA:43,16
DA:44,16
DA:45,16
DA:47,16
DA:48,1890
DA:49,1890
DA:53,1890
DA:54,138
DA:55,138
DA:56,138
DA:57,138
DA:59,138
DA:60,136
DA:64,1890
DA:66,1890
DA:67,1883
DA:69,1883
DA:77,1883
DA:81,1890
DA:82,1890
DA:85,1890
DA:86,26
DA:90,16
DA:96,2
DA:97,1
DA:104,2
DA:105,183
DA:106,2
DA:109,181
DA:110,2
DA:113,179
DA:114,179
DA:118,179
DA:124,172
DA:125,2
DA:128,170
DA:131,9
DA:132,9
DA:139,2
DA:145,11
DA:148,11
DA:149,25
DA:151,25
DA:152,165
DA:153,165
DA:155,165
DA:156,168
DA:157,168
DA:158,164
DA:161,164
DA:162,157
DA:163,157
DA:167,4
DA:169,4
DA:171,4
DA:173,3
DA:174,3
DA:175,3
DA:178,1
DA:185,8
DA:191,2
DA:192,16
DA:193,4
DA:196,12
DA:197,4
DA:201,3599
DA:207,2
DA:213,15
DA:214,15
DA:215,15
DA:216,15
DA:218,15
LF:77
LH:77
BRDA:38,0,0,12
BRDA:39,1,0,2
BRDA:39,2,0,18
BRDA:39,2,1,17
BRDA:53,3,0,138
BRDA:53,4,0,1890
BRDA:53,4,1,1879
BRDA:59,5,0,136
BRDA:66,6,0,1883
BRDA:85,7,0,26
BRDA:105,8,0,2
BRDA:105,9,0,183
BRDA:105,9,1,182
BRDA:109,10,0,2
BRDA:109,11,0,181
BRDA:109,11,1,180
BRDA:124,12,0,2
BRDA:124,13,0,172
BRDA:124,13,1,171
BRDA:142,14,0,7
BRDA:143,15,0,8
BRDA:155,16,0,330
BRDA:155,16,1,330
BRDA:161,17,0,157
BRDA:171,18,0,3
BRDA:171,18,1,1
BRDA:191,19,0,6
BRDA:192,20,0,4
BRDA:196,21,0,4
BRDA:201,22,0,3599
BRDA:201,22,1,3598
BRF:31
BRH:31
end_of_record
TN:
SF:lib/vectorize.ts
FN:36,(anonymous_0)
FN:50,(anonymous_1)
FN:80,(anonymous_2)
FN:117,(anonymous_3)
FN:146,(anonymous_4)
FN:178,(anonymous_5)
FN:192,createVectorizeClient
FNF:7
FNH:7
FNDA:71,(anonymous_0)
FNDA:16,(anonymous_1)
FNDA:20,(anonymous_2)
FNDA:12,(anonymous_3)
FNDA:10,(anonymous_4)
FNDA:4,(anonymous_5)
FNDA:5,createVectorizeClient
DA:30,2
DA:37,71
DA:38,6
DA:41,65
DA:42,65
DA:43,65
DA:44,65
DA:51,16
DA:53,16
DA:64,14
DA:65,2
DA:66,2
DA:69,12
DA:70,11
DA:72,5
DA:73,5
DA:86,20
DA:87,20
DA:101,20
DA:102,4
DA:103,4
DA:106,16
DA:107,15
DA:109,5
DA:110,5
DA:118,12
DA:119,12
DA:130,11
DA:131,2
DA:132,2
DA:135,9
DA:136,9
DA:138,3
DA:139,3
DA:153,10
DA:154,10
DA:162,7
DA:163,3
DA:164,3
DA:167,4
DA:168,4
DA:170,6
DA:171,6
DA:179,4
DA:180,4
DA:181,1
DA:183,3
DA:184,3
DA:192,2
DA:193,5
DA:194,3
DA:195,3
DA:198,2
LF:53
LH:53
BRDA:37,0,0,6
BRDA:37,1,0,71
BRDA:37,1,1,69
BRDA:37,1,2,67
BRDA:64,2,0,2
BRDA:82,3,0,11
BRDA:83,4,0,19
BRDA:84,5,0,19
BRDA:101,6,0,4
BRDA:130,7,0,2
BRDA:162,8,0,3
BRDA:193,9,0,3
BRDA:193,10,0,5
BRDA:193,10,1,3
BRDA:193,10,2,2
BRF:15
BRH:15
end_of_record
